<?xml version="1.0" encoding="UTF-8"?>
<TestRun id="2ac2f038-7a78-499e-a956-d844c8cf6c2f" name="jrhard@VDIX-1000000077 2012-02-21 15:28:33" runUser="ADMINISTAFF\jrhard" xmlns="http://microsoft.com/schemas/VisualStudio/TeamTest/2010">
  <TestSettings name="Local" id="d5530081-ac9a-467b-9df6-ce60ba9aa7bb">
    <Description>These are default test settings for a local test run.</Description>
    <Deployment enabled="false" runDeploymentRoot="jrhard_VDIX-1000000077 2012-02-21 15_28_33">
      <DeploymentItem filename="C:\projects\Testable-T-\TestProject1\Moq.dll" />
    </Deployment>
    <Execution>
      <TestTypeSpecific />
      <AgentRule name="Execution Agents">
      </AgentRule>
    </Execution>
  </TestSettings>
  <Times creation="2012-02-21T15:28:33.4245528-06:00" queuing="2012-02-21T15:28:33.6305528-06:00" start="2012-02-21T15:28:33.6885528-06:00" finish="2012-02-21T15:28:34.2655528-06:00" />
  <ResultSummary outcome="Completed">
    <Counters total="1" executed="1" passed="1" error="0" failed="0" timeout="0" aborted="0" inconclusive="0" passedButRunAborted="0" notRunnable="0" notExecuted="0" disconnected="0" warning="0" completed="0" inProgress="0" pending="0" />
  </ResultSummary>
  <TestDefinitions>
    <UnitTest name="it_should_add_1_dependancy_to_the_dependancies_propery_of_the_wrapper" storage="c:\projects\testable-t-\testproject1\bin\debug\testproject1.dll" id="d8aea2f0-0344-1b68-d0bc-5c684de0d826">
      <TestCategory>
        <TestCategoryItem TestCategory="unit" />
      </TestCategory>
      <Execution id="2ed96b9f-d57d-4572-ab49-f0f4fe5d1d7b" />
      <TestMethod codeBase="C:/projects/Testable-T-/TestProject1/bin/Debug/TestProject1.DLL" adapterTypeName="Microsoft.VisualStudio.TestTools.TestTypes.Unit.UnitTestAdapter, Microsoft.VisualStudio.QualityTools.Tips.UnitTest.Adapter, Version=10.0.0.0, Culture=neutral, PublicKeyToken=b03f5f7f11d50a3a" className="TestProject1.GivenThatTheTestableWrapperIsInstantiated, TestProject1, Version=1.0.0.0, Culture=neutral, PublicKeyToken=null" name="it_should_add_1_dependancy_to_the_dependancies_propery_of_the_wrapper" />
    </UnitTest>
  </TestDefinitions>
  <TestLists>
    <TestList name="Results Not in a List" id="8c84fa94-04c1-424b-9868-57a2d4851a1d" />
    <TestList name="All Loaded Results" id="19431567-8539-422a-85d7-44ee4e166bda" />
  </TestLists>
  <TestEntries>
    <TestEntry testId="d8aea2f0-0344-1b68-d0bc-5c684de0d826" executionId="2ed96b9f-d57d-4572-ab49-f0f4fe5d1d7b" testListId="8c84fa94-04c1-424b-9868-57a2d4851a1d" />
  </TestEntries>
  <Results>
    <UnitTestResult executionId="2ed96b9f-d57d-4572-ab49-f0f4fe5d1d7b" testId="d8aea2f0-0344-1b68-d0bc-5c684de0d826" testName="it_should_add_1_dependancy_to_the_dependancies_propery_of_the_wrapper" computerName="VDIX-1000000077" duration="00:00:00.1796743" startTime="2012-02-21T15:28:33.7715528-06:00" endTime="2012-02-21T15:28:34.2385528-06:00" testType="13cdc9d9-ddb5-4fa4-a97d-d965ccfc6d4b" outcome="Passed" testListId="8c84fa94-04c1-424b-9868-57a2d4851a1d" relativeResultsDirectory="2ed96b9f-d57d-4572-ab49-f0f4fe5d1d7b">
    </UnitTestResult>
  </Results>
</TestRun>