<?xml version="1.0" encoding="UTF-8"?>
<TestRun id="463a4358-b5a8-430e-9f51-cf6522684223" name="jrhard@VDIX-1000000077 2012-02-21 15:43:07" runUser="ADMINISTAFF\jrhard" xmlns="http://microsoft.com/schemas/VisualStudio/TeamTest/2010">
  <TestSettings name="Local" id="d5530081-ac9a-467b-9df6-ce60ba9aa7bb">
    <Description>These are default test settings for a local test run.</Description>
    <Deployment enabled="false" runDeploymentRoot="jrhard_VDIX-1000000077 2012-02-21 15_43_07">
      <DeploymentItem filename="C:\projects\Testable-T-\TestProject1\Moq.dll" />
    </Deployment>
    <Execution>
      <TestTypeSpecific />
      <AgentRule name="Execution Agents">
      </AgentRule>
    </Execution>
  </TestSettings>
  <Times creation="2012-02-21T15:43:07.6285528-06:00" queuing="2012-02-21T15:43:07.6775528-06:00" start="2012-02-21T15:43:07.7055528-06:00" finish="2012-02-21T15:43:07.9535528-06:00" />
  <ResultSummary outcome="Completed">
    <Counters total="1" executed="1" passed="1" error="0" failed="0" timeout="0" aborted="0" inconclusive="0" passedButRunAborted="0" notRunnable="0" notExecuted="0" disconnected="0" warning="0" completed="0" inProgress="0" pending="0" />
  </ResultSummary>
  <TestDefinitions>
    <UnitTest name="it_should_have_1_dependancy_of_type_IFoo" storage="c:\projects\testable-t-\testproject1\bin\debug\testproject1.dll" id="409863c6-b121-d56f-ca9a-7d1fdf530808">
      <TestCategory>
        <TestCategoryItem TestCategory="unit" />
      </TestCategory>
      <Execution id="599b12a1-2243-4fe5-9333-84092c11e300" />
      <TestMethod codeBase="C:/projects/Testable-T-/TestProject1/bin/Debug/TestProject1.DLL" adapterTypeName="Microsoft.VisualStudio.TestTools.TestTypes.Unit.UnitTestAdapter, Microsoft.VisualStudio.QualityTools.Tips.UnitTest.Adapter, Version=10.0.0.0, Culture=neutral, PublicKeyToken=b03f5f7f11d50a3a" className="TestProject1.GivenThatTheTestableWrapperIsInstantiated, TestProject1, Version=1.0.0.0, Culture=neutral, PublicKeyToken=null" name="it_should_have_1_dependancy_of_type_IFoo" />
    </UnitTest>
  </TestDefinitions>
  <TestLists>
    <TestList name="Results Not in a List" id="8c84fa94-04c1-424b-9868-57a2d4851a1d" />
    <TestList name="All Loaded Results" id="19431567-8539-422a-85d7-44ee4e166bda" />
  </TestLists>
  <TestEntries>
    <TestEntry testId="409863c6-b121-d56f-ca9a-7d1fdf530808" executionId="599b12a1-2243-4fe5-9333-84092c11e300" testListId="8c84fa94-04c1-424b-9868-57a2d4851a1d" />
  </TestEntries>
  <Results>
    <UnitTestResult executionId="599b12a1-2243-4fe5-9333-84092c11e300" testId="409863c6-b121-d56f-ca9a-7d1fdf530808" testName="it_should_have_1_dependancy_of_type_IFoo" computerName="VDIX-1000000077" duration="00:00:00.0258090" startTime="2012-02-21T15:43:07.7125528-06:00" endTime="2012-02-21T15:43:07.9345528-06:00" testType="13cdc9d9-ddb5-4fa4-a97d-d965ccfc6d4b" outcome="Passed" testListId="8c84fa94-04c1-424b-9868-57a2d4851a1d" relativeResultsDirectory="599b12a1-2243-4fe5-9333-84092c11e300">
    </UnitTestResult>
  </Results>
</TestRun>