<?xml version="1.0" encoding="UTF-8"?>
<TestRun id="54240f0f-8253-4d3d-9af7-dc34c52df660" name="jrhard@VDIX-1000000077 2012-02-21 15:24:16" runUser="ADMINISTAFF\jrhard" xmlns="http://microsoft.com/schemas/VisualStudio/TeamTest/2010">
  <TestSettings name="Local" id="d5530081-ac9a-467b-9df6-ce60ba9aa7bb">
    <Description>These are default test settings for a local test run.</Description>
    <Deployment userDeploymentRoot="C:\projects\Testable-T-\TestProject1\TestResults" useDefaultDeploymentRoot="false" enabled="false" runDeploymentRoot="jrhard_VDIX-1000000077 2012-02-21 15_24_16">
      <DeploymentItem filename="C:\projects\Testable-T-\TestProject1\Moq.dll" />
    </Deployment>
    <Execution>
      <TestTypeSpecific />
      <AgentRule name="Execution Agents">
      </AgentRule>
    </Execution>
  </TestSettings>
  <Times creation="2012-02-21T15:24:16.3455528-06:00" queuing="2012-02-21T15:24:18.3345528-06:00" start="2012-02-21T15:24:18.5605528-06:00" finish="2012-02-21T15:25:01.3465528-06:00" />
  <ResultSummary outcome="Error">
    <Counters total="1" executed="1" error="0" failed="0" timeout="0" aborted="1" inconclusive="0" passedButRunAborted="0" notRunnable="0" notExecuted="0" disconnected="0" warning="0" passed="0" completed="0" inProgress="0" pending="0" />
    <RunInfos>
      <RunInfo computerName="VDIX-1000000077" outcome="Error" timestamp="2012-02-21T15:25:01.3465528-06:00">
        <Text>Test host process exited unexpectedly.</Text>
      </RunInfo>
    </RunInfos>
  </ResultSummary>
  <TestDefinitions>
    <UnitTest name="it_should_add_1_dependancy_to_the_dependancies_propery_of_the_wrapper" storage="c:\projects\testable-t-\testproject1\bin\debug\testproject1.dll" id="d8aea2f0-0344-1b68-d0bc-5c684de0d826">
      <TestCategory>
        <TestCategoryItem TestCategory="unit" />
      </TestCategory>
      <Execution id="156e593e-dc05-4b8f-b83e-ca1ad3e1b39f" />
      <TestMethod codeBase="C:/projects/Testable-T-/TestProject1/bin/Debug/TestProject1.DLL" adapterTypeName="Microsoft.VisualStudio.TestTools.TestTypes.Unit.UnitTestAdapter, Microsoft.VisualStudio.QualityTools.Tips.UnitTest.Adapter, Version=10.0.0.0, Culture=neutral, PublicKeyToken=b03f5f7f11d50a3a" className="TestProject1.GivenThatTheTestableWrapperIsInstantiated, TestProject1, Version=1.0.0.0, Culture=neutral, PublicKeyToken=null" name="it_should_add_1_dependancy_to_the_dependancies_propery_of_the_wrapper" />
    </UnitTest>
  </TestDefinitions>
  <TestLists>
    <TestList name="Results Not in a List" id="8c84fa94-04c1-424b-9868-57a2d4851a1d" />
    <TestList name="All Loaded Results" id="19431567-8539-422a-85d7-44ee4e166bda" />
  </TestLists>
  <TestEntries>
    <TestEntry testId="d8aea2f0-0344-1b68-d0bc-5c684de0d826" executionId="156e593e-dc05-4b8f-b83e-ca1ad3e1b39f" testListId="8c84fa94-04c1-424b-9868-57a2d4851a1d" />
  </TestEntries>
  <Results>
    <UnitTestResult executionId="156e593e-dc05-4b8f-b83e-ca1ad3e1b39f" testId="d8aea2f0-0344-1b68-d0bc-5c684de0d826" testName="it_should_add_1_dependancy_to_the_dependancies_propery_of_the_wrapper" computerName="VDIX-1000000077" duration="00:00:42.5670000" startTime="2012-02-21T15:24:18.7795528-06:00" endTime="2012-02-21T15:25:01.3465528-06:00" testType="13cdc9d9-ddb5-4fa4-a97d-d965ccfc6d4b" outcome="Aborted" testListId="8c84fa94-04c1-424b-9868-57a2d4851a1d" relativeResultsDirectory="156e593e-dc05-4b8f-b83e-ca1ad3e1b39f">
    </UnitTestResult>
  </Results>
</TestRun>