<?xml version="1.0" encoding="UTF-8"?>
<TestRun id="8ad9cbc1-64c5-48bb-9e31-f885502533ed" name="jrhard@VDIX-1000000077 2012-02-21 15:23:27" runUser="ADMINISTAFF\jrhard" xmlns="http://microsoft.com/schemas/VisualStudio/TeamTest/2010">
  <TestSettings name="Local" id="d5530081-ac9a-467b-9df6-ce60ba9aa7bb">
    <Description>These are default test settings for a local test run.</Description>
    <Deployment userDeploymentRoot="C:\projects\Testable-T-\TestProject1\TestResults" useDefaultDeploymentRoot="false" enabled="false" runDeploymentRoot="jrhard_VDIX-1000000077 2012-02-21 15_23_27">
      <DeploymentItem filename="C:\projects\Testable-T-\TestProject1\Moq.dll" />
    </Deployment>
    <Execution>
      <TestTypeSpecific />
      <AgentRule name="Execution Agents">
      </AgentRule>
    </Execution>
  </TestSettings>
  <Times creation="2012-02-21T15:23:27.0245528-06:00" queuing="2012-02-21T15:23:27.0575528-06:00" start="2012-02-21T15:23:27.0745528-06:00" finish="2012-02-21T15:23:27.5175528-06:00" />
  <ResultSummary outcome="Failed">
    <Counters total="6" executed="6" passed="4" error="0" failed="2" timeout="0" aborted="0" inconclusive="0" passedButRunAborted="0" notRunnable="0" notExecuted="0" disconnected="0" warning="0" completed="0" inProgress="0" pending="0" />
  </ResultSummary>
  <TestDefinitions>
    <UnitTest name="it_should_create_the_object_of_the_class" storage="c:\projects\testable-t-\testproject1\bin\debug\testproject1.dll" id="a6d3e4cf-910b-b5be-aba3-2349a9c7955d">
      <TestCategory>
        <TestCategoryItem TestCategory="unit" />
      </TestCategory>
      <Execution id="f455d305-0e06-4f7f-8907-bd7f50cbea03" />
      <TestMethod codeBase="C:/projects/Testable-T-/TestProject1/bin/Debug/TestProject1.DLL" adapterTypeName="Microsoft.VisualStudio.TestTools.TestTypes.Unit.UnitTestAdapter, Microsoft.VisualStudio.QualityTools.Tips.UnitTest.Adapter, Version=10.0.0.0, Culture=neutral, PublicKeyToken=b03f5f7f11d50a3a" className="TestProject1.GivenThatTheTestableWrapperIsInstantiated, TestProject1, Version=1.0.0.0, Culture=neutral, PublicKeyToken=null" name="it_should_create_the_object_of_the_class" />
    </UnitTest>
    <UnitTest name="it_should_fill_foo_property_with_a_default_mock_proxy_object" storage="c:\projects\testable-t-\testproject1\bin\debug\testproject1.dll" id="19309f64-bdb7-7575-8e4f-d51d822dfe3b">
      <TestCategory>
        <TestCategoryItem TestCategory="unit" />
      </TestCategory>
      <Execution id="50a78c75-b68b-420d-a67a-9cb231371d1e" />
      <TestMethod codeBase="C:/projects/Testable-T-/TestProject1/bin/Debug/TestProject1.DLL" adapterTypeName="Microsoft.VisualStudio.TestTools.TestTypes.Unit.UnitTestAdapter, Microsoft.VisualStudio.QualityTools.Tips.UnitTest.Adapter, Version=10.0.0.0, Culture=neutral, PublicKeyToken=b03f5f7f11d50a3a" className="TestProject1.GivenThatTheTestableWrapperIsInstantiated, TestProject1, Version=1.0.0.0, Culture=neutral, PublicKeyToken=null" name="it_should_fill_foo_property_with_a_default_mock_proxy_object" />
    </UnitTest>
    <UnitTest name="it_should_have_1_dependancy_of_type_IFoo" storage="c:\projects\testable-t-\testproject1\bin\debug\testproject1.dll" id="409863c6-b121-d56f-ca9a-7d1fdf530808">
      <TestCategory>
        <TestCategoryItem TestCategory="unit" />
      </TestCategory>
      <Execution id="2cc32ad2-6cb2-4b3d-aaf7-4bc6086ecaaa" />
      <TestMethod codeBase="C:/projects/Testable-T-/TestProject1/bin/Debug/TestProject1.DLL" adapterTypeName="Microsoft.VisualStudio.TestTools.TestTypes.Unit.UnitTestAdapter, Microsoft.VisualStudio.QualityTools.Tips.UnitTest.Adapter, Version=10.0.0.0, Culture=neutral, PublicKeyToken=b03f5f7f11d50a3a" className="TestProject1.GivenThatTheTestableWrapperIsInstantiated, TestProject1, Version=1.0.0.0, Culture=neutral, PublicKeyToken=null" name="it_should_have_1_dependancy_of_type_IFoo" />
    </UnitTest>
    <UnitTest name="it_should_fill_foo_property_with_a_user_defined_object" storage="c:\projects\testable-t-\testproject1\bin\debug\testproject1.dll" id="f075725f-07ef-7a40-4352-7be92eedb2cd">
      <TestCategory>
        <TestCategoryItem TestCategory="unit" />
      </TestCategory>
      <Execution id="02d61811-e047-4170-92f0-2e7f2803fa02" />
      <TestMethod codeBase="C:/projects/Testable-T-/TestProject1/bin/Debug/TestProject1.DLL" adapterTypeName="Microsoft.VisualStudio.TestTools.TestTypes.Unit.UnitTestAdapter, Microsoft.VisualStudio.QualityTools.Tips.UnitTest.Adapter, Version=10.0.0.0, Culture=neutral, PublicKeyToken=b03f5f7f11d50a3a" className="TestProject1.GivenThatTheTestableWrapperIsInstantiated, TestProject1, Version=1.0.0.0, Culture=neutral, PublicKeyToken=null" name="it_should_fill_foo_property_with_a_user_defined_object" />
    </UnitTest>
    <UnitTest name="it_should_create_the_object_of_type_Foo" storage="c:\projects\testable-t-\testproject1\bin\debug\testproject1.dll" id="6428faaa-0e33-526e-d13d-248c2beb6c58">
      <TestCategory>
        <TestCategoryItem TestCategory="unit" />
      </TestCategory>
      <Execution id="83849b41-79a4-4ac4-a80d-c9aa67ac778d" />
      <TestMethod codeBase="C:/projects/Testable-T-/TestProject1/bin/Debug/TestProject1.DLL" adapterTypeName="Microsoft.VisualStudio.TestTools.TestTypes.Unit.UnitTestAdapter, Microsoft.VisualStudio.QualityTools.Tips.UnitTest.Adapter, Version=10.0.0.0, Culture=neutral, PublicKeyToken=b03f5f7f11d50a3a" className="TestProject1.GivenThatTheTestableWrapperIsInstantiated, TestProject1, Version=1.0.0.0, Culture=neutral, PublicKeyToken=null" name="it_should_create_the_object_of_type_Foo" />
    </UnitTest>
    <UnitTest name="it_should_add_1_dependancy_to_the_dependancies_propery_of_the_wrapper" storage="c:\projects\testable-t-\testproject1\bin\debug\testproject1.dll" id="d8aea2f0-0344-1b68-d0bc-5c684de0d826">
      <TestCategory>
        <TestCategoryItem TestCategory="unit" />
      </TestCategory>
      <Execution id="faf6194a-e23c-45f6-9505-5eba036ab243" />
      <TestMethod codeBase="C:/projects/Testable-T-/TestProject1/bin/Debug/TestProject1.DLL" adapterTypeName="Microsoft.VisualStudio.TestTools.TestTypes.Unit.UnitTestAdapter, Microsoft.VisualStudio.QualityTools.Tips.UnitTest.Adapter, Version=10.0.0.0, Culture=neutral, PublicKeyToken=b03f5f7f11d50a3a" className="TestProject1.GivenThatTheTestableWrapperIsInstantiated, TestProject1, Version=1.0.0.0, Culture=neutral, PublicKeyToken=null" name="it_should_add_1_dependancy_to_the_dependancies_propery_of_the_wrapper" />
    </UnitTest>
  </TestDefinitions>
  <TestLists>
    <TestList name="Results Not in a List" id="8c84fa94-04c1-424b-9868-57a2d4851a1d" />
    <TestList name="All Loaded Results" id="19431567-8539-422a-85d7-44ee4e166bda" />
  </TestLists>
  <TestEntries>
    <TestEntry testId="19309f64-bdb7-7575-8e4f-d51d822dfe3b" executionId="50a78c75-b68b-420d-a67a-9cb231371d1e" testListId="8c84fa94-04c1-424b-9868-57a2d4851a1d" />
    <TestEntry testId="409863c6-b121-d56f-ca9a-7d1fdf530808" executionId="2cc32ad2-6cb2-4b3d-aaf7-4bc6086ecaaa" testListId="8c84fa94-04c1-424b-9868-57a2d4851a1d" />
    <TestEntry testId="6428faaa-0e33-526e-d13d-248c2beb6c58" executionId="83849b41-79a4-4ac4-a80d-c9aa67ac778d" testListId="8c84fa94-04c1-424b-9868-57a2d4851a1d" />
    <TestEntry testId="a6d3e4cf-910b-b5be-aba3-2349a9c7955d" executionId="f455d305-0e06-4f7f-8907-bd7f50cbea03" testListId="8c84fa94-04c1-424b-9868-57a2d4851a1d" />
    <TestEntry testId="d8aea2f0-0344-1b68-d0bc-5c684de0d826" executionId="faf6194a-e23c-45f6-9505-5eba036ab243" testListId="8c84fa94-04c1-424b-9868-57a2d4851a1d" />
    <TestEntry testId="f075725f-07ef-7a40-4352-7be92eedb2cd" executionId="02d61811-e047-4170-92f0-2e7f2803fa02" testListId="8c84fa94-04c1-424b-9868-57a2d4851a1d" />
  </TestEntries>
  <Results>
    <UnitTestResult executionId="50a78c75-b68b-420d-a67a-9cb231371d1e" testId="19309f64-bdb7-7575-8e4f-d51d822dfe3b" testName="it_should_fill_foo_property_with_a_default_mock_proxy_object" computerName="VDIX-1000000077" duration="00:00:00.1619788" startTime="2012-02-21T15:23:27.0855528-06:00" endTime="2012-02-21T15:23:27.4245528-06:00" testType="13cdc9d9-ddb5-4fa4-a97d-d965ccfc6d4b" outcome="Passed" testListId="8c84fa94-04c1-424b-9868-57a2d4851a1d" relativeResultsDirectory="50a78c75-b68b-420d-a67a-9cb231371d1e">
    </UnitTestResult>
    <UnitTestResult executionId="2cc32ad2-6cb2-4b3d-aaf7-4bc6086ecaaa" testId="409863c6-b121-d56f-ca9a-7d1fdf530808" testName="it_should_have_1_dependancy_of_type_IFoo" computerName="VDIX-1000000077" duration="00:00:00.0047083" startTime="2012-02-21T15:23:27.4325528-06:00" endTime="2012-02-21T15:23:27.4395528-06:00" testType="13cdc9d9-ddb5-4fa4-a97d-d965ccfc6d4b" outcome="Passed" testListId="8c84fa94-04c1-424b-9868-57a2d4851a1d" relativeResultsDirectory="2cc32ad2-6cb2-4b3d-aaf7-4bc6086ecaaa">
    </UnitTestResult>
    <UnitTestResult executionId="83849b41-79a4-4ac4-a80d-c9aa67ac778d" testId="6428faaa-0e33-526e-d13d-248c2beb6c58" testName="it_should_create_the_object_of_type_Foo" computerName="VDIX-1000000077" duration="00:00:00.0159992" startTime="2012-02-21T15:23:27.4445528-06:00" endTime="2012-02-21T15:23:27.4635528-06:00" testType="13cdc9d9-ddb5-4fa4-a97d-d965ccfc6d4b" outcome="Failed" testListId="8c84fa94-04c1-424b-9868-57a2d4851a1d" relativeResultsDirectory="83849b41-79a4-4ac4-a80d-c9aa67ac778d">
      <Output>
        <ErrorInfo>
          <Message>Assert.IsInstanceOfType failed.  Expected type:&lt;System.RuntimeType&gt;. Actual type:&lt;TestProject1.GivenThatTheTestableWrapperIsInstantiated+Foo&gt;.</Message>
          <StackTrace>   at System.BDDStyleTestingMethodExtensions.ShouldBeInstanceOf(Object context, Object type, String error) in C:\projects\Testable-T-\TestProject1\BDDStyleTestingMethodExtensions.cs:line 112
   at TestProject1.GivenThatTheTestableWrapperIsInstantiated.it_should_create_the_object_of_type_Foo() in C:\projects\Testable-T-\TestProject1\GivenThatTheTestableWrapperIsInstantiated.cs:line 25
</StackTrace>
        </ErrorInfo>
      </Output>
    </UnitTestResult>
    <UnitTestResult executionId="f455d305-0e06-4f7f-8907-bd7f50cbea03" testId="a6d3e4cf-910b-b5be-aba3-2349a9c7955d" testName="it_should_create_the_object_of_the_class" computerName="VDIX-1000000077" duration="00:00:00.0041975" startTime="2012-02-21T15:23:27.4675528-06:00" endTime="2012-02-21T15:23:27.4745528-06:00" testType="13cdc9d9-ddb5-4fa4-a97d-d965ccfc6d4b" outcome="Passed" testListId="8c84fa94-04c1-424b-9868-57a2d4851a1d" relativeResultsDirectory="f455d305-0e06-4f7f-8907-bd7f50cbea03">
    </UnitTestResult>
    <UnitTestResult executionId="faf6194a-e23c-45f6-9505-5eba036ab243" testId="d8aea2f0-0344-1b68-d0bc-5c684de0d826" testName="it_should_add_1_dependancy_to_the_dependancies_propery_of_the_wrapper" computerName="VDIX-1000000077" duration="00:00:00.0064242" startTime="2012-02-21T15:23:27.4795528-06:00" endTime="2012-02-21T15:23:27.4885528-06:00" testType="13cdc9d9-ddb5-4fa4-a97d-d965ccfc6d4b" outcome="Failed" testListId="8c84fa94-04c1-424b-9868-57a2d4851a1d" relativeResultsDirectory="faf6194a-e23c-45f6-9505-5eba036ab243">
      <Output>
        <ErrorInfo>
          <Message>Assert.AreEqual failed. Expected:&lt;1&gt;. Actual:&lt;5&gt;. </Message>
          <StackTrace>   at System.BDDStyleTestingMethodExtensions.ShouldEqual[T](T context, T objectToCompare, String error) in C:\projects\Testable-T-\TestProject1\BDDStyleTestingMethodExtensions.cs:line 39
   at TestProject1.GivenThatTheTestableWrapperIsInstantiated.it_should_add_1_dependancy_to_the_dependancies_propery_of_the_wrapper() in C:\projects\Testable-T-\TestProject1\GivenThatTheTestableWrapperIsInstantiated.cs:line 52
</StackTrace>
        </ErrorInfo>
      </Output>
    </UnitTestResult>
    <UnitTestResult executionId="02d61811-e047-4170-92f0-2e7f2803fa02" testId="f075725f-07ef-7a40-4352-7be92eedb2cd" testName="it_should_fill_foo_property_with_a_user_defined_object" computerName="VDIX-1000000077" duration="00:00:00.0009072" startTime="2012-02-21T15:23:27.4945528-06:00" endTime="2012-02-21T15:23:27.4975528-06:00" testType="13cdc9d9-ddb5-4fa4-a97d-d965ccfc6d4b" outcome="Passed" testListId="8c84fa94-04c1-424b-9868-57a2d4851a1d" relativeResultsDirectory="02d61811-e047-4170-92f0-2e7f2803fa02">
    </UnitTestResult>
  </Results>
</TestRun>